2019-02-19 14:29:16,845 +0530 [main] INFO  (TC_01_loginTest.java:14) - url is opend....................................
2019-02-19 14:29:19,590 +0530 [main] INFO  (TC_01_loginTest.java:18) - username is entered corretly.........................
2019-02-19 14:29:19,787 +0530 [main] INFO  (TC_01_loginTest.java:20) - password entered sucessfully.........................
2019-02-19 14:29:24,391 +0530 [main] INFO  (TC_01_loginTest.java:22) - home page displayed after clicking on submit.........
2019-02-19 15:22:55,491 +0530 [main] INFO  (TC_01_loginTest.java:14) - url is opend....................................
2019-02-19 15:22:56,978 +0530 [main] INFO  (TC_01_loginTest.java:18) - username is entered corretly.........................
2019-02-19 15:22:57,161 +0530 [main] INFO  (TC_01_loginTest.java:20) - password entered sucessfully.........................
2019-02-19 15:23:04,093 +0530 [main] INFO  (TC_01_loginTest.java:22) - home page displayed after clicking on submit.........
2019-02-19 16:00:04,676 +0530 [main] INFO  (TC_01_loginTest.java:14) - url is opend....................................
2019-02-19 16:00:05,379 +0530 [main] INFO  (TC_01_loginTest.java:18) - username is entered corretly.........................
2019-02-19 16:00:05,597 +0530 [main] INFO  (TC_01_loginTest.java:20) - password entered sucessfully.........................
2019-02-19 16:00:13,818 +0530 [main] INFO  (TC_01_loginTest.java:22) - home page displayed after clicking on submit.........
2019-02-19 16:46:45,316 +0530 [main] INFO  (TC_01_loginTest.java:14) - url is opend....................................
2019-02-19 17:01:30,227 +0530 [main] INFO  (TC_01_loginTest.java:14) - url is opend....................................
2019-02-19 17:01:30,796 +0530 [main] INFO  (TC_01_loginTest.java:18) - username is entered corretly.........................
2019-02-19 17:01:30,962 +0530 [main] INFO  (TC_01_loginTest.java:20) - password entered sucessfully.........................
2019-02-19 17:01:35,429 +0530 [main] INFO  (TC_01_loginTest.java:22) - home page displayed after clicking on submit.........
2019-02-19 17:19:30,559 +0530 [main] INFO  (TC_01_loginTest.java:14) - url is opend....................................
2019-02-19 17:19:31,107 +0530 [main] INFO  (TC_01_loginTest.java:18) - username is entered corretly.........................
2019-02-19 17:19:31,275 +0530 [main] INFO  (TC_01_loginTest.java:20) - password entered sucessfully.........................
2019-02-19 17:19:34,891 +0530 [main] INFO  (TC_01_loginTest.java:22) - home page displayed after clicking on submit.........
2019-02-19 17:29:39,711 +0530 [main] INFO  (TC_01_loginTest.java:14) - url is opend....................................
2019-02-19 17:29:40,366 +0530 [main] INFO  (TC_01_loginTest.java:18) - username is entered corretly.........................
2019-02-19 17:29:40,553 +0530 [main] INFO  (TC_01_loginTest.java:20) - password entered sucessfully.........................
2019-02-19 17:29:46,064 +0530 [main] INFO  (TC_01_loginTest.java:22) - home page displayed after clicking on submit.........
2019-02-21 09:40:36,928 +0530 [main] INFO  (TC_01_loginTest.java:14) - url is opend....................................
2019-02-21 09:41:06,074 +0530 [main] INFO  (TC_01_loginTest.java:18) - username is entered corretly.........................
2019-02-21 09:41:06,274 +0530 [main] INFO  (TC_01_loginTest.java:20) - password entered sucessfully.........................
2019-02-21 09:41:10,909 +0530 [main] INFO  (TC_01_loginTest.java:22) - home page displayed after clicking on submit.........
2019-02-21 16:12:05,282 +0530 [main] INFO  (TC_01_loginTest.java:14) - url is opend....................................
2019-02-21 22:31:39,490 +0530 [main] INFO  (TC_01_loginTest.java:13) - url is opend....................................
2019-02-21 22:38:10,685 +0530 [main] INFO  (TC_01_loginTest.java:13) - url is opend....................................
2019-02-21 22:38:17,211 +0530 [main] INFO  (TC_01_loginTest.java:17) - username is entered corretly.........................
2019-02-21 22:38:17,428 +0530 [main] INFO  (TC_01_loginTest.java:19) - password entered sucessfully.........................
2019-02-21 22:38:23,452 +0530 [main] INFO  (TC_01_loginTest.java:21) - home page displayed after clicking on submit.........
2019-02-21 22:56:22,409 +0530 [main] INFO  (TC_01_loginTest.java:13) - url is opend....................................
2019-02-21 22:56:23,219 +0530 [main] INFO  (TC_01_loginTest.java:17) - username is entered corretly.........................
2019-02-21 22:56:23,382 +0530 [main] INFO  (TC_01_loginTest.java:19) - password entered sucessfully.........................
2019-02-21 22:56:29,534 +0530 [main] INFO  (TC_01_loginTest.java:21) - home page displayed after clicking on submit.........
2019-02-23 11:41:03,364 +0530 [main] INFO  (TC_02_AddNewCustomer_Test.java:14) - url launched..................
2019-02-23 11:41:15,606 +0530 [main] INFO  (TC_02_AddNewCustomer_Test.java:20) - successfully login to th application............
2019-02-23 11:41:20,654 +0530 [main] INFO  (TC_02_AddNewCustomer_Test.java:22) - clicked on Customer tab and all customer retalted details present...............
2019-02-23 11:41:21,059 +0530 [main] INFO  (TC_02_AddNewCustomer_Test.java:24) - customer name enterd
2019-02-23 11:41:21,222 +0530 [main] INFO  (TC_02_AddNewCustomer_Test.java:26) - click on male button in gender option..................
2019-02-23 11:41:21,375 +0530 [main] INFO  (TC_02_AddNewCustomer_Test.java:28) - date birth enterd ..................
2019-02-23 11:41:21,828 +0530 [main] INFO  (TC_02_AddNewCustomer_Test.java:30) - address deatils correctly enterd..................
2019-02-23 11:41:22,091 +0530 [main] INFO  (TC_02_AddNewCustomer_Test.java:32) - city name enterd..................
2019-02-23 11:41:22,420 +0530 [main] INFO  (TC_02_AddNewCustomer_Test.java:34) - state name enterd..................
2019-02-23 11:41:22,693 +0530 [main] INFO  (TC_02_AddNewCustomer_Test.java:36) - pin code enterd..................
2019-02-23 11:41:22,952 +0530 [main] INFO  (TC_02_AddNewCustomer_Test.java:38) - mobile no enterd..................
2019-02-23 11:49:41,618 +0530 [main] INFO  (TC_02_AddNewCustomer_Test.java:14) - url launched..................
2019-02-23 11:49:49,222 +0530 [main] INFO  (TC_02_AddNewCustomer_Test.java:20) - successfully login to th application............
2019-02-23 11:49:53,161 +0530 [main] INFO  (TC_02_AddNewCustomer_Test.java:22) - clicked on Customer tab and all customer retalted details present...............
2019-02-23 11:49:53,542 +0530 [main] INFO  (TC_02_AddNewCustomer_Test.java:24) - customer name enterd
2019-02-23 11:49:53,707 +0530 [main] INFO  (TC_02_AddNewCustomer_Test.java:26) - click on male button in gender option..................
2019-02-23 11:49:53,877 +0530 [main] INFO  (TC_02_AddNewCustomer_Test.java:28) - date birth enterd ..................
2019-02-23 11:49:54,249 +0530 [main] INFO  (TC_02_AddNewCustomer_Test.java:30) - address deatils correctly enterd..................
2019-02-23 11:49:54,514 +0530 [main] INFO  (TC_02_AddNewCustomer_Test.java:32) - city name enterd..................
2019-02-23 11:49:54,746 +0530 [main] INFO  (TC_02_AddNewCustomer_Test.java:34) - state name enterd..................
2019-02-23 11:49:54,999 +0530 [main] INFO  (TC_02_AddNewCustomer_Test.java:36) - pin code enterd..................
2019-02-23 11:49:55,253 +0530 [main] INFO  (TC_02_AddNewCustomer_Test.java:38) - mobile no enterd..................
2019-02-23 11:50:50,803 +0530 [main] INFO  (TC_02_AddNewCustomer_Test.java:14) - url launched..................
2019-02-23 11:50:55,219 +0530 [main] INFO  (TC_02_AddNewCustomer_Test.java:20) - successfully login to th application............
2019-02-23 11:51:00,661 +0530 [main] INFO  (TC_02_AddNewCustomer_Test.java:22) - clicked on Customer tab and all customer retalted details present...............
2019-02-23 11:51:00,859 +0530 [main] INFO  (TC_02_AddNewCustomer_Test.java:24) - customer name enterd
2019-02-23 11:51:00,946 +0530 [main] INFO  (TC_02_AddNewCustomer_Test.java:26) - click on male button in gender option..................
2019-02-23 11:51:01,030 +0530 [main] INFO  (TC_02_AddNewCustomer_Test.java:28) - date birth enterd ..................
2019-02-23 11:51:01,412 +0530 [main] INFO  (TC_02_AddNewCustomer_Test.java:30) - address deatils correctly enterd..................
2019-02-23 11:51:01,561 +0530 [main] INFO  (TC_02_AddNewCustomer_Test.java:32) - city name enterd..................
2019-02-23 11:51:01,744 +0530 [main] INFO  (TC_02_AddNewCustomer_Test.java:34) - state name enterd..................
2019-02-23 11:51:01,899 +0530 [main] INFO  (TC_02_AddNewCustomer_Test.java:36) - pin code enterd..................
2019-02-23 11:51:02,118 +0530 [main] INFO  (TC_02_AddNewCustomer_Test.java:38) - mobile no enterd..................
2019-02-23 11:54:42,637 +0530 [main] INFO  (TC_02_AddNewCustomer_Test.java:14) - url launched..................
2019-02-23 11:54:50,171 +0530 [main] INFO  (TC_02_AddNewCustomer_Test.java:20) - successfully login to th application............
2019-02-23 11:54:55,295 +0530 [main] INFO  (TC_02_AddNewCustomer_Test.java:22) - clicked on Customer tab and all customer retalted details present...............
2019-02-23 11:54:55,667 +0530 [main] INFO  (TC_02_AddNewCustomer_Test.java:24) - customer name enterd
2019-02-23 11:54:55,801 +0530 [main] INFO  (TC_02_AddNewCustomer_Test.java:26) - click on male button in gender option..................
2019-02-23 11:54:55,936 +0530 [main] INFO  (TC_02_AddNewCustomer_Test.java:28) - date birth enterd ..................
2019-02-23 11:54:56,263 +0530 [main] INFO  (TC_02_AddNewCustomer_Test.java:30) - address deatils correctly enterd..................
2019-02-23 11:54:56,528 +0530 [main] INFO  (TC_02_AddNewCustomer_Test.java:32) - city name enterd..................
2019-02-23 11:54:56,731 +0530 [main] INFO  (TC_02_AddNewCustomer_Test.java:34) - state name enterd..................
2019-02-23 11:54:56,940 +0530 [main] INFO  (TC_02_AddNewCustomer_Test.java:36) - pin code enterd..................
2019-02-23 11:54:57,158 +0530 [main] INFO  (TC_02_AddNewCustomer_Test.java:38) - mobile no enterd..................
2019-02-23 11:58:48,598 +0530 [main] INFO  (TC_02_AddNewCustomer_Test.java:14) - url launched..................
2019-02-23 11:58:57,141 +0530 [main] INFO  (TC_02_AddNewCustomer_Test.java:20) - successfully login to th application............
2019-02-23 11:59:01,060 +0530 [main] INFO  (TC_02_AddNewCustomer_Test.java:22) - clicked on Customer tab and all customer retalted details present...............
2019-02-23 11:59:01,613 +0530 [main] INFO  (TC_02_AddNewCustomer_Test.java:24) - customer name enterd
2019-02-23 11:59:01,839 +0530 [main] INFO  (TC_02_AddNewCustomer_Test.java:26) - click on male button in gender option..................
2019-02-23 11:59:02,037 +0530 [main] INFO  (TC_02_AddNewCustomer_Test.java:28) - date birth enterd ..................
2019-02-23 11:59:02,731 +0530 [main] INFO  (TC_02_AddNewCustomer_Test.java:30) - address deatils correctly enterd..................
2019-02-23 11:59:03,013 +0530 [main] INFO  (TC_02_AddNewCustomer_Test.java:32) - city name enterd..................
2019-02-23 11:59:03,247 +0530 [main] INFO  (TC_02_AddNewCustomer_Test.java:34) - state name enterd..................
2019-02-23 11:59:03,485 +0530 [main] INFO  (TC_02_AddNewCustomer_Test.java:36) - pin code enterd..................
2019-02-23 11:59:03,733 +0530 [main] INFO  (TC_02_AddNewCustomer_Test.java:38) - mobile no enterd..................
2019-02-23 12:14:54,778 +0530 [main] INFO  (TC_02_AddNewCustomer_Test.java:16) - url launched..................
2019-02-23 12:15:00,702 +0530 [main] INFO  (TC_02_AddNewCustomer_Test.java:22) - successfully login to th application............
2019-02-23 12:15:04,513 +0530 [main] INFO  (TC_02_AddNewCustomer_Test.java:24) - clicked on Customer tab and all customer retalted details present...............
2019-02-23 12:15:04,823 +0530 [main] INFO  (TC_02_AddNewCustomer_Test.java:26) - customer name enterd
2019-02-23 12:15:04,988 +0530 [main] INFO  (TC_02_AddNewCustomer_Test.java:28) - click on male button in gender option..................
2019-02-23 12:15:05,131 +0530 [main] INFO  (TC_02_AddNewCustomer_Test.java:30) - date birth enterd ..................
2019-02-23 12:15:05,462 +0530 [main] INFO  (TC_02_AddNewCustomer_Test.java:32) - address deatils correctly enterd..................
2019-02-23 12:15:05,662 +0530 [main] INFO  (TC_02_AddNewCustomer_Test.java:34) - city name enterd..................
2019-02-23 12:15:05,865 +0530 [main] INFO  (TC_02_AddNewCustomer_Test.java:37) - state name enterd..................
2019-02-23 12:15:06,055 +0530 [main] INFO  (TC_02_AddNewCustomer_Test.java:39) - pin code enterd..................
2019-02-23 12:15:06,240 +0530 [main] INFO  (TC_02_AddNewCustomer_Test.java:41) - mobile no enterd..................
2019-02-23 12:16:42,438 +0530 [main] INFO  (TC_02_AddNewCustomer_Test.java:16) - url launched..................
2019-02-23 12:16:47,815 +0530 [main] INFO  (TC_02_AddNewCustomer_Test.java:22) - successfully login to th application............
2019-02-23 12:16:50,644 +0530 [main] INFO  (TC_02_AddNewCustomer_Test.java:24) - clicked on Customer tab and all customer retalted details present...............
2019-02-23 12:16:50,937 +0530 [main] INFO  (TC_02_AddNewCustomer_Test.java:26) - customer name enterd
2019-02-23 12:16:51,095 +0530 [main] INFO  (TC_02_AddNewCustomer_Test.java:28) - click on male button in gender option..................
2019-02-23 12:16:51,240 +0530 [main] INFO  (TC_02_AddNewCustomer_Test.java:30) - date birth enterd ..................
2019-02-23 12:16:51,591 +0530 [main] INFO  (TC_02_AddNewCustomer_Test.java:32) - address deatils correctly enterd..................
2019-02-23 12:16:51,820 +0530 [main] INFO  (TC_02_AddNewCustomer_Test.java:34) - city name enterd..................
2019-02-23 12:16:52,036 +0530 [main] INFO  (TC_02_AddNewCustomer_Test.java:37) - state name enterd..................
2019-02-23 12:16:52,255 +0530 [main] INFO  (TC_02_AddNewCustomer_Test.java:39) - pin code enterd..................
2019-02-23 12:16:52,476 +0530 [main] INFO  (TC_02_AddNewCustomer_Test.java:41) - mobile no enterd..................
2019-02-23 12:18:36,080 +0530 [main] INFO  (TC_02_AddNewCustomer_Test.java:16) - url launched..................
2019-02-23 12:18:43,272 +0530 [main] INFO  (TC_02_AddNewCustomer_Test.java:22) - successfully login to th application............
2019-02-23 12:18:46,809 +0530 [main] INFO  (TC_02_AddNewCustomer_Test.java:24) - clicked on Customer tab and all customer retalted details present...............
2019-02-23 12:18:47,118 +0530 [main] INFO  (TC_02_AddNewCustomer_Test.java:26) - customer name enterd
2019-02-23 12:18:47,252 +0530 [main] INFO  (TC_02_AddNewCustomer_Test.java:28) - click on male button in gender option..................
2019-02-23 12:18:47,555 +0530 [main] INFO  (TC_02_AddNewCustomer_Test.java:30) - date birth enterd ..................
2019-02-23 12:18:47,895 +0530 [main] INFO  (TC_02_AddNewCustomer_Test.java:32) - address deatils correctly enterd..................
2019-02-23 12:18:48,129 +0530 [main] INFO  (TC_02_AddNewCustomer_Test.java:34) - city name enterd..................
2019-02-23 12:18:48,350 +0530 [main] INFO  (TC_02_AddNewCustomer_Test.java:37) - state name enterd..................
2019-02-23 12:18:48,559 +0530 [main] INFO  (TC_02_AddNewCustomer_Test.java:39) - pin code enterd..................
2019-02-23 12:18:48,781 +0530 [main] INFO  (TC_02_AddNewCustomer_Test.java:41) - mobile no enterd..................
2019-02-23 13:12:30,654 +0530 [main] INFO  (TC_03_Ammount_Deposit_test.java:19) - url opend
2019-02-23 13:14:02,527 +0530 [main] INFO  (TC_03_Ammount_Deposit_test.java:19) - url opend
2019-02-23 14:23:59,130 +0530 [main] INFO  (TC_03_Ammount_Deposit_test.java:19) - url opend
2019-02-23 14:24:30,848 +0530 [main] INFO  (TC_03_Ammount_Deposit_test.java:19) - url opend
2019-02-23 14:27:27,495 +0530 [main] INFO  (TC_03_Ammount_Deposit_test.java:19) - url opend
2019-02-23 14:29:56,340 +0530 [main] INFO  (TC_03_Ammount_Deposit_test.java:19) - url opend
2019-02-23 14:31:16,272 +0530 [main] INFO  (TC_03_Ammount_Deposit_test.java:19) - url opend
2019-02-23 14:32:46,719 +0530 [main] INFO  (TC_03_Ammount_Deposit_test.java:19) - url opend
2019-03-05 12:16:24,479 +0530 [main] INFO  (TC_01_loginTest.java:13) - url is opend....................................
2019-03-05 12:16:26,495 +0530 [main] INFO  (TC_01_loginTest.java:17) - username is entered corretly.........................
2019-03-05 12:16:26,730 +0530 [main] INFO  (TC_01_loginTest.java:19) - password entered sucessfully.........................
2019-03-05 12:16:44,654 +0530 [main] INFO  (TC_01_loginTest.java:21) - home page displayed after clicking on submit.........
2019-03-05 12:17:53,307 +0530 [main] INFO  (TC_02_AddNewCustomer_Test.java:16) - url launched..................
2019-03-05 12:18:03,578 +0530 [main] INFO  (TC_02_AddNewCustomer_Test.java:22) - successfully login to th application............
2019-03-05 12:18:11,420 +0530 [main] INFO  (TC_02_AddNewCustomer_Test.java:24) - clicked on Customer tab and all customer retalted details present...............
2019-03-05 12:18:11,882 +0530 [main] INFO  (TC_02_AddNewCustomer_Test.java:26) - customer name enterd
2019-03-05 12:18:12,116 +0530 [main] INFO  (TC_02_AddNewCustomer_Test.java:28) - click on male button in gender option..................
2019-03-05 12:18:12,496 +0530 [main] INFO  (TC_02_AddNewCustomer_Test.java:30) - date birth enterd ..................
2019-03-05 12:18:12,956 +0530 [main] INFO  (TC_02_AddNewCustomer_Test.java:32) - address deatils correctly enterd..................
2019-03-05 12:18:13,197 +0530 [main] INFO  (TC_02_AddNewCustomer_Test.java:34) - city name enterd..................
2019-03-05 12:18:13,475 +0530 [main] INFO  (TC_02_AddNewCustomer_Test.java:37) - state name enterd..................
2019-03-05 12:18:13,759 +0530 [main] INFO  (TC_02_AddNewCustomer_Test.java:39) - pin code enterd..................
2019-03-05 12:18:14,043 +0530 [main] INFO  (TC_02_AddNewCustomer_Test.java:41) - mobile no enterd..................
2019-03-06 16:35:21,291 +0530 [main] INFO  (TC_01_loginTest.java:13) - url is opend....................................
2019-03-06 16:35:46,541 +0530 [main] INFO  (TC_01_loginTest.java:17) - username is entered corretly.........................
2019-03-06 16:35:46,763 +0530 [main] INFO  (TC_01_loginTest.java:19) - password entered sucessfully.........................
2019-03-06 16:35:50,723 +0530 [main] INFO  (TC_01_loginTest.java:21) - home page displayed after clicking on submit.........
2019-03-06 16:36:03,665 +0530 [main] INFO  (TC_02_AddNewCustomer_Test.java:16) - url launched..................
2019-03-06 16:36:10,448 +0530 [main] INFO  (TC_02_AddNewCustomer_Test.java:22) - successfully login to th application............
2019-03-06 16:36:15,986 +0530 [main] INFO  (TC_02_AddNewCustomer_Test.java:24) - clicked on Customer tab and all customer retalted details present...............
2019-03-06 16:36:16,377 +0530 [main] INFO  (TC_02_AddNewCustomer_Test.java:26) - customer name enterd
2019-03-06 16:36:16,513 +0530 [main] INFO  (TC_02_AddNewCustomer_Test.java:28) - click on male button in gender option..................
2019-03-06 16:36:16,767 +0530 [main] INFO  (TC_02_AddNewCustomer_Test.java:30) - date birth enterd ..................
2019-03-06 16:36:17,167 +0530 [main] INFO  (TC_02_AddNewCustomer_Test.java:32) - address deatils correctly enterd..................
2019-03-06 16:36:17,357 +0530 [main] INFO  (TC_02_AddNewCustomer_Test.java:34) - city name enterd..................
2019-03-06 16:36:17,683 +0530 [main] INFO  (TC_02_AddNewCustomer_Test.java:37) - state name enterd..................
2019-03-06 16:36:17,868 +0530 [main] INFO  (TC_02_AddNewCustomer_Test.java:39) - pin code enterd..................
2019-03-06 16:36:18,056 +0530 [main] INFO  (TC_02_AddNewCustomer_Test.java:41) - mobile no enterd..................
